find_executable: checking for pg_config... -------------------- yes

--------------------

"clang -o conftest -I/Users/yagitoshiki/.rbenv/versions/2.6.10/include/ruby-2.6.0/arm64-darwin21 -I/Users/yagitoshiki/.rbenv/versions/2.6.10/include/ruby-2.6.0/ruby/backward -I/Users/yagitoshiki/.rbenv/versions/2.6.10/include/ruby-2.6.0 -I. -I/Users/yagitoshiki/opt/anaconda3/include -I/Users/yagitoshiki/.rbenv/versions/2.6.10/include  -D_XOPEN_SOURCE -D_DARWIN_C_SOURCE -D_DARWIN_UNLIMITED_SELECT -D_REENTRANT   -O3 -ggdb3 -Wall -Wextra -Wdeclaration-after-statement -Wdeprecated-declarations -Wdivision-by-zero -Wimplicit-function-declaration -Wimplicit-int -Wmisleading-indentation -Wpointer-arith -Wshorten-64-to-32 -Wwrite-strings -Wmissing-noreturn -Wno-constant-logical-operand -Wno-long-long -Wno-missing-field-initializers -Wno-overlength-strings -Wno-parentheses-equality -Wno-self-assign -Wno-tautological-compare -Wno-unused-parameter -Wno-unused-value -Wunused-variable -Wextra-tokens  -fno-common -pipe conftest.c  -L. -L/Users/yagitoshiki/.rbenv/versions/2.6.10/lib -L/Users/yagitoshiki/opt/anaconda3/lib -L. -L/Users/yagitoshiki/.rbenv/versions/2.6.10/lib  -fstack-protector-strong -L/usr/local/lib     -lruby.2.6   "
checked program was:
/* begin */
1: #include "ruby.h"
2: 
3: int main(int argc, char **argv)
4: {
5:   return 0;
6: }
/* end */

"clang -o conftest -I/Users/yagitoshiki/.rbenv/versions/2.6.10/include/ruby-2.6.0/arm64-darwin21 -I/Users/yagitoshiki/.rbenv/versions/2.6.10/include/ruby-2.6.0/ruby/backward -I/Users/yagitoshiki/.rbenv/versions/2.6.10/include/ruby-2.6.0 -I. -I/Users/yagitoshiki/opt/anaconda3/include -I/Users/yagitoshiki/.rbenv/versions/2.6.10/include  -D_XOPEN_SOURCE -D_DARWIN_C_SOURCE -D_DARWIN_UNLIMITED_SELECT -D_REENTRANT   -O3 -ggdb3 -Wall -Wextra -Wdeclaration-after-statement -Wdeprecated-declarations -Wdivision-by-zero -Wimplicit-function-declaration -Wimplicit-int -Wmisleading-indentation -Wpointer-arith -Wshorten-64-to-32 -Wwrite-strings -Wmissing-noreturn -Wno-constant-logical-operand -Wno-long-long -Wno-missing-field-initializers -Wno-overlength-strings -Wno-parentheses-equality -Wno-self-assign -Wno-tautological-compare -Wno-unused-parameter -Wno-unused-value -Wunused-variable -Wextra-tokens  -fno-common -pipe conftest.c  -L. -L/Users/yagitoshiki/.rbenv/versions/2.6.10/lib -L/Users/yagitoshiki/opt/anaconda3/lib -L. -L/Users/yagitoshiki/.rbenv/versions/2.6.10/lib  -fstack-protector-strong -L/usr/local/lib     -lruby.2.6  -Wl,-rpath,/Users/yagitoshiki/opt/anaconda3/lib  "
checked program was:
/* begin */
1: #include "ruby.h"
2: 
3: int main() {return 0;}
/* end */

find_header: checking for libpq-fe.h... -------------------- yes

"clang -E -I/Users/yagitoshiki/.rbenv/versions/2.6.10/include/ruby-2.6.0/arm64-darwin21 -I/Users/yagitoshiki/.rbenv/versions/2.6.10/include/ruby-2.6.0/ruby/backward -I/Users/yagitoshiki/.rbenv/versions/2.6.10/include/ruby-2.6.0 -I. -I/Users/yagitoshiki/opt/anaconda3/include -I/Users/yagitoshiki/.rbenv/versions/2.6.10/include  -D_XOPEN_SOURCE -D_DARWIN_C_SOURCE -D_DARWIN_UNLIMITED_SELECT -D_REENTRANT   -O3 -ggdb3 -Wall -Wextra -Wdeclaration-after-statement -Wdeprecated-declarations -Wdivision-by-zero -Wimplicit-function-declaration -Wimplicit-int -Wmisleading-indentation -Wpointer-arith -Wshorten-64-to-32 -Wwrite-strings -Wmissing-noreturn -Wno-constant-logical-operand -Wno-long-long -Wno-missing-field-initializers -Wno-overlength-strings -Wno-parentheses-equality -Wno-self-assign -Wno-tautological-compare -Wno-unused-parameter -Wno-unused-value -Wunused-variable -Wextra-tokens  -fno-common -pipe  conftest.c -o conftest.i"
checked program was:
/* begin */
1: #include "ruby.h"
2: 
3: #include <libpq-fe.h>
/* end */

--------------------

find_header: checking for libpq/libpq-fs.h... -------------------- yes

"clang -E -I/Users/yagitoshiki/.rbenv/versions/2.6.10/include/ruby-2.6.0/arm64-darwin21 -I/Users/yagitoshiki/.rbenv/versions/2.6.10/include/ruby-2.6.0/ruby/backward -I/Users/yagitoshiki/.rbenv/versions/2.6.10/include/ruby-2.6.0 -I. -I/Users/yagitoshiki/opt/anaconda3/include -I/Users/yagitoshiki/.rbenv/versions/2.6.10/include  -D_XOPEN_SOURCE -D_DARWIN_C_SOURCE -D_DARWIN_UNLIMITED_SELECT -D_REENTRANT   -O3 -ggdb3 -Wall -Wextra -Wdeclaration-after-statement -Wdeprecated-declarations -Wdivision-by-zero -Wimplicit-function-declaration -Wimplicit-int -Wmisleading-indentation -Wpointer-arith -Wshorten-64-to-32 -Wwrite-strings -Wmissing-noreturn -Wno-constant-logical-operand -Wno-long-long -Wno-missing-field-initializers -Wno-overlength-strings -Wno-parentheses-equality -Wno-self-assign -Wno-tautological-compare -Wno-unused-parameter -Wno-unused-value -Wunused-variable -Wextra-tokens  -fno-common -pipe  conftest.c -o conftest.i"
checked program was:
/* begin */
1: #include "ruby.h"
2: 
3: #include <libpq/libpq-fs.h>
/* end */

--------------------

find_header: checking for pg_config_manual.h... -------------------- yes

"clang -E -I/Users/yagitoshiki/.rbenv/versions/2.6.10/include/ruby-2.6.0/arm64-darwin21 -I/Users/yagitoshiki/.rbenv/versions/2.6.10/include/ruby-2.6.0/ruby/backward -I/Users/yagitoshiki/.rbenv/versions/2.6.10/include/ruby-2.6.0 -I. -I/Users/yagitoshiki/opt/anaconda3/include -I/Users/yagitoshiki/.rbenv/versions/2.6.10/include  -D_XOPEN_SOURCE -D_DARWIN_C_SOURCE -D_DARWIN_UNLIMITED_SELECT -D_REENTRANT   -O3 -ggdb3 -Wall -Wextra -Wdeclaration-after-statement -Wdeprecated-declarations -Wdivision-by-zero -Wimplicit-function-declaration -Wimplicit-int -Wmisleading-indentation -Wpointer-arith -Wshorten-64-to-32 -Wwrite-strings -Wmissing-noreturn -Wno-constant-logical-operand -Wno-long-long -Wno-missing-field-initializers -Wno-overlength-strings -Wno-parentheses-equality -Wno-self-assign -Wno-tautological-compare -Wno-unused-parameter -Wno-unused-value -Wunused-variable -Wextra-tokens  -fno-common -pipe  conftest.c -o conftest.i"
checked program was:
/* begin */
1: #include "ruby.h"
2: 
3: #include <pg_config_manual.h>
/* end */

--------------------

have_library: checking for PQconnectdb() in -lpq... -------------------- no

"clang -o conftest -I/Users/yagitoshiki/.rbenv/versions/2.6.10/include/ruby-2.6.0/arm64-darwin21 -I/Users/yagitoshiki/.rbenv/versions/2.6.10/include/ruby-2.6.0/ruby/backward -I/Users/yagitoshiki/.rbenv/versions/2.6.10/include/ruby-2.6.0 -I. -I/Users/yagitoshiki/opt/anaconda3/include -I/Users/yagitoshiki/.rbenv/versions/2.6.10/include  -D_XOPEN_SOURCE -D_DARWIN_C_SOURCE -D_DARWIN_UNLIMITED_SELECT -D_REENTRANT   -O3 -ggdb3 -Wall -Wextra -Wdeclaration-after-statement -Wdeprecated-declarations -Wdivision-by-zero -Wimplicit-function-declaration -Wimplicit-int -Wmisleading-indentation -Wpointer-arith -Wshorten-64-to-32 -Wwrite-strings -Wmissing-noreturn -Wno-constant-logical-operand -Wno-long-long -Wno-missing-field-initializers -Wno-overlength-strings -Wno-parentheses-equality -Wno-self-assign -Wno-tautological-compare -Wno-unused-parameter -Wno-unused-value -Wunused-variable -Wextra-tokens  -fno-common -pipe conftest.c  -L. -L/Users/yagitoshiki/.rbenv/versions/2.6.10/lib -L/Users/yagitoshiki/opt/anaconda3/lib -L. -L/Users/yagitoshiki/.rbenv/versions/2.6.10/lib  -fstack-protector-strong -L/usr/local/lib -Wl,-rpath,/Users/yagitoshiki/opt/anaconda3/lib     -lruby.2.6 -lpq   "
ld: warning: ignoring file /Users/yagitoshiki/opt/anaconda3/lib/libpq.dylib, building for macOS-arm64 but attempting to link with file built for macOS-x86_64
Undefined symbols for architecture arm64:
  "_PQconnectdb", referenced from:
      _t in conftest-20b827.o
ld: symbol(s) not found for architecture arm64
clang: error: linker command failed with exit code 1 (use -v to see invocation)
checked program was:
/* begin */
 1: #include "ruby.h"
 2: 
 3: #include <libpq-fe.h>
 4: 
 5: /*top*/
 6: extern int t(void);
 7: int main(int argc, char **argv)
 8: {
 9:   if (argc > 1000000) {
10:     int (* volatile tp)(void)=(int (*)(void))&t;
11:     printf("%d", (*tp)());
12:   }
13: 
14:   return 0;
15: }
16: int t(void) { void ((*volatile p)()); p = (void ((*)()))PQconnectdb; return !p; }
/* end */

"clang -o conftest -I/Users/yagitoshiki/.rbenv/versions/2.6.10/include/ruby-2.6.0/arm64-darwin21 -I/Users/yagitoshiki/.rbenv/versions/2.6.10/include/ruby-2.6.0/ruby/backward -I/Users/yagitoshiki/.rbenv/versions/2.6.10/include/ruby-2.6.0 -I. -I/Users/yagitoshiki/opt/anaconda3/include -I/Users/yagitoshiki/.rbenv/versions/2.6.10/include  -D_XOPEN_SOURCE -D_DARWIN_C_SOURCE -D_DARWIN_UNLIMITED_SELECT -D_REENTRANT   -O3 -ggdb3 -Wall -Wextra -Wdeclaration-after-statement -Wdeprecated-declarations -Wdivision-by-zero -Wimplicit-function-declaration -Wimplicit-int -Wmisleading-indentation -Wpointer-arith -Wshorten-64-to-32 -Wwrite-strings -Wmissing-noreturn -Wno-constant-logical-operand -Wno-long-long -Wno-missing-field-initializers -Wno-overlength-strings -Wno-parentheses-equality -Wno-self-assign -Wno-tautological-compare -Wno-unused-parameter -Wno-unused-value -Wunused-variable -Wextra-tokens  -fno-common -pipe conftest.c  -L. -L/Users/yagitoshiki/.rbenv/versions/2.6.10/lib -L/Users/yagitoshiki/opt/anaconda3/lib -L. -L/Users/yagitoshiki/.rbenv/versions/2.6.10/lib  -fstack-protector-strong -L/usr/local/lib -Wl,-rpath,/Users/yagitoshiki/opt/anaconda3/lib     -lruby.2.6 -lpq   "
conftest.c:16:13: error: conflicting types for 'PQconnectdb'
extern void PQconnectdb();
            ^
/Users/yagitoshiki/opt/anaconda3/include/libpq-fe.h:263:16: note: previous declaration is here
extern PGconn *PQconnectdb(const char *conninfo);
               ^
conftest.c:17:27: error: too few arguments to function call, single argument 'conninfo' was not specified
int t(void) { PQconnectdb(); return 0; }
              ~~~~~~~~~~~ ^
/Users/yagitoshiki/opt/anaconda3/include/libpq-fe.h:263:16: note: 'PQconnectdb' declared here
extern PGconn *PQconnectdb(const char *conninfo);
               ^
2 errors generated.
checked program was:
/* begin */
 1: #include "ruby.h"
 2: 
 3: #include <libpq-fe.h>
 4: 
 5: /*top*/
 6: extern int t(void);
 7: int main(int argc, char **argv)
 8: {
 9:   if (argc > 1000000) {
10:     int (* volatile tp)(void)=(int (*)(void))&t;
11:     printf("%d", (*tp)());
12:   }
13: 
14:   return 0;
15: }
16: extern void PQconnectdb();
17: int t(void) { PQconnectdb(); return 0; }
/* end */

--------------------

have_library: checking for PQconnectdb() in -llibpq... -------------------- no

"clang -o conftest -I/Users/yagitoshiki/.rbenv/versions/2.6.10/include/ruby-2.6.0/arm64-darwin21 -I/Users/yagitoshiki/.rbenv/versions/2.6.10/include/ruby-2.6.0/ruby/backward -I/Users/yagitoshiki/.rbenv/versions/2.6.10/include/ruby-2.6.0 -I. -I/Users/yagitoshiki/opt/anaconda3/include -I/Users/yagitoshiki/.rbenv/versions/2.6.10/include  -D_XOPEN_SOURCE -D_DARWIN_C_SOURCE -D_DARWIN_UNLIMITED_SELECT -D_REENTRANT   -O3 -ggdb3 -Wall -Wextra -Wdeclaration-after-statement -Wdeprecated-declarations -Wdivision-by-zero -Wimplicit-function-declaration -Wimplicit-int -Wmisleading-indentation -Wpointer-arith -Wshorten-64-to-32 -Wwrite-strings -Wmissing-noreturn -Wno-constant-logical-operand -Wno-long-long -Wno-missing-field-initializers -Wno-overlength-strings -Wno-parentheses-equality -Wno-self-assign -Wno-tautological-compare -Wno-unused-parameter -Wno-unused-value -Wunused-variable -Wextra-tokens  -fno-common -pipe conftest.c  -L. -L/Users/yagitoshiki/.rbenv/versions/2.6.10/lib -L/Users/yagitoshiki/opt/anaconda3/lib -L. -L/Users/yagitoshiki/.rbenv/versions/2.6.10/lib  -fstack-protector-strong -L/usr/local/lib -Wl,-rpath,/Users/yagitoshiki/opt/anaconda3/lib     -lruby.2.6 -llibpq   "
ld: library not found for -llibpq
clang: error: linker command failed with exit code 1 (use -v to see invocation)
checked program was:
/* begin */
 1: #include "ruby.h"
 2: 
 3: #include <libpq-fe.h>
 4: 
 5: /*top*/
 6: extern int t(void);
 7: int main(int argc, char **argv)
 8: {
 9:   if (argc > 1000000) {
10:     int (* volatile tp)(void)=(int (*)(void))&t;
11:     printf("%d", (*tp)());
12:   }
13: 
14:   return 0;
15: }
16: int t(void) { void ((*volatile p)()); p = (void ((*)()))PQconnectdb; return !p; }
/* end */

"clang -o conftest -I/Users/yagitoshiki/.rbenv/versions/2.6.10/include/ruby-2.6.0/arm64-darwin21 -I/Users/yagitoshiki/.rbenv/versions/2.6.10/include/ruby-2.6.0/ruby/backward -I/Users/yagitoshiki/.rbenv/versions/2.6.10/include/ruby-2.6.0 -I. -I/Users/yagitoshiki/opt/anaconda3/include -I/Users/yagitoshiki/.rbenv/versions/2.6.10/include  -D_XOPEN_SOURCE -D_DARWIN_C_SOURCE -D_DARWIN_UNLIMITED_SELECT -D_REENTRANT   -O3 -ggdb3 -Wall -Wextra -Wdeclaration-after-statement -Wdeprecated-declarations -Wdivision-by-zero -Wimplicit-function-declaration -Wimplicit-int -Wmisleading-indentation -Wpointer-arith -Wshorten-64-to-32 -Wwrite-strings -Wmissing-noreturn -Wno-constant-logical-operand -Wno-long-long -Wno-missing-field-initializers -Wno-overlength-strings -Wno-parentheses-equality -Wno-self-assign -Wno-tautological-compare -Wno-unused-parameter -Wno-unused-value -Wunused-variable -Wextra-tokens  -fno-common -pipe conftest.c  -L. -L/Users/yagitoshiki/.rbenv/versions/2.6.10/lib -L/Users/yagitoshiki/opt/anaconda3/lib -L. -L/Users/yagitoshiki/.rbenv/versions/2.6.10/lib  -fstack-protector-strong -L/usr/local/lib -Wl,-rpath,/Users/yagitoshiki/opt/anaconda3/lib     -lruby.2.6 -llibpq   "
conftest.c:16:13: error: conflicting types for 'PQconnectdb'
extern void PQconnectdb();
            ^
/Users/yagitoshiki/opt/anaconda3/include/libpq-fe.h:263:16: note: previous declaration is here
extern PGconn *PQconnectdb(const char *conninfo);
               ^
conftest.c:17:27: error: too few arguments to function call, single argument 'conninfo' was not specified
int t(void) { PQconnectdb(); return 0; }
              ~~~~~~~~~~~ ^
/Users/yagitoshiki/opt/anaconda3/include/libpq-fe.h:263:16: note: 'PQconnectdb' declared here
extern PGconn *PQconnectdb(const char *conninfo);
               ^
2 errors generated.
checked program was:
/* begin */
 1: #include "ruby.h"
 2: 
 3: #include <libpq-fe.h>
 4: 
 5: /*top*/
 6: extern int t(void);
 7: int main(int argc, char **argv)
 8: {
 9:   if (argc > 1000000) {
10:     int (* volatile tp)(void)=(int (*)(void))&t;
11:     printf("%d", (*tp)());
12:   }
13: 
14:   return 0;
15: }
16: extern void PQconnectdb();
17: int t(void) { PQconnectdb(); return 0; }
/* end */

--------------------

have_library: checking for PQconnectdb() in -lms/libpq... -------------------- no

"clang -o conftest -I/Users/yagitoshiki/.rbenv/versions/2.6.10/include/ruby-2.6.0/arm64-darwin21 -I/Users/yagitoshiki/.rbenv/versions/2.6.10/include/ruby-2.6.0/ruby/backward -I/Users/yagitoshiki/.rbenv/versions/2.6.10/include/ruby-2.6.0 -I. -I/Users/yagitoshiki/opt/anaconda3/include -I/Users/yagitoshiki/.rbenv/versions/2.6.10/include  -D_XOPEN_SOURCE -D_DARWIN_C_SOURCE -D_DARWIN_UNLIMITED_SELECT -D_REENTRANT   -O3 -ggdb3 -Wall -Wextra -Wdeclaration-after-statement -Wdeprecated-declarations -Wdivision-by-zero -Wimplicit-function-declaration -Wimplicit-int -Wmisleading-indentation -Wpointer-arith -Wshorten-64-to-32 -Wwrite-strings -Wmissing-noreturn -Wno-constant-logical-operand -Wno-long-long -Wno-missing-field-initializers -Wno-overlength-strings -Wno-parentheses-equality -Wno-self-assign -Wno-tautological-compare -Wno-unused-parameter -Wno-unused-value -Wunused-variable -Wextra-tokens  -fno-common -pipe conftest.c  -L. -L/Users/yagitoshiki/.rbenv/versions/2.6.10/lib -L/Users/yagitoshiki/opt/anaconda3/lib -L. -L/Users/yagitoshiki/.rbenv/versions/2.6.10/lib  -fstack-protector-strong -L/usr/local/lib -Wl,-rpath,/Users/yagitoshiki/opt/anaconda3/lib     -lruby.2.6 -lms/libpq   "
ld: library not found for -lms/libpq
clang: error: linker command failed with exit code 1 (use -v to see invocation)
checked program was:
/* begin */
 1: #include "ruby.h"
 2: 
 3: #include <libpq-fe.h>
 4: 
 5: /*top*/
 6: extern int t(void);
 7: int main(int argc, char **argv)
 8: {
 9:   if (argc > 1000000) {
10:     int (* volatile tp)(void)=(int (*)(void))&t;
11:     printf("%d", (*tp)());
12:   }
13: 
14:   return 0;
15: }
16: int t(void) { void ((*volatile p)()); p = (void ((*)()))PQconnectdb; return !p; }
/* end */

"clang -o conftest -I/Users/yagitoshiki/.rbenv/versions/2.6.10/include/ruby-2.6.0/arm64-darwin21 -I/Users/yagitoshiki/.rbenv/versions/2.6.10/include/ruby-2.6.0/ruby/backward -I/Users/yagitoshiki/.rbenv/versions/2.6.10/include/ruby-2.6.0 -I. -I/Users/yagitoshiki/opt/anaconda3/include -I/Users/yagitoshiki/.rbenv/versions/2.6.10/include  -D_XOPEN_SOURCE -D_DARWIN_C_SOURCE -D_DARWIN_UNLIMITED_SELECT -D_REENTRANT   -O3 -ggdb3 -Wall -Wextra -Wdeclaration-after-statement -Wdeprecated-declarations -Wdivision-by-zero -Wimplicit-function-declaration -Wimplicit-int -Wmisleading-indentation -Wpointer-arith -Wshorten-64-to-32 -Wwrite-strings -Wmissing-noreturn -Wno-constant-logical-operand -Wno-long-long -Wno-missing-field-initializers -Wno-overlength-strings -Wno-parentheses-equality -Wno-self-assign -Wno-tautological-compare -Wno-unused-parameter -Wno-unused-value -Wunused-variable -Wextra-tokens  -fno-common -pipe conftest.c  -L. -L/Users/yagitoshiki/.rbenv/versions/2.6.10/lib -L/Users/yagitoshiki/opt/anaconda3/lib -L. -L/Users/yagitoshiki/.rbenv/versions/2.6.10/lib  -fstack-protector-strong -L/usr/local/lib -Wl,-rpath,/Users/yagitoshiki/opt/anaconda3/lib     -lruby.2.6 -lms/libpq   "
conftest.c:16:13: error: conflicting types for 'PQconnectdb'
extern void PQconnectdb();
            ^
/Users/yagitoshiki/opt/anaconda3/include/libpq-fe.h:263:16: note: previous declaration is here
extern PGconn *PQconnectdb(const char *conninfo);
               ^
conftest.c:17:27: error: too few arguments to function call, single argument 'conninfo' was not specified
int t(void) { PQconnectdb(); return 0; }
              ~~~~~~~~~~~ ^
/Users/yagitoshiki/opt/anaconda3/include/libpq-fe.h:263:16: note: 'PQconnectdb' declared here
extern PGconn *PQconnectdb(const char *conninfo);
               ^
2 errors generated.
checked program was:
/* begin */
 1: #include "ruby.h"
 2: 
 3: #include <libpq-fe.h>
 4: 
 5: /*top*/
 6: extern int t(void);
 7: int main(int argc, char **argv)
 8: {
 9:   if (argc > 1000000) {
10:     int (* volatile tp)(void)=(int (*)(void))&t;
11:     printf("%d", (*tp)());
12:   }
13: 
14:   return 0;
15: }
16: extern void PQconnectdb();
17: int t(void) { PQconnectdb(); return 0; }
/* end */

--------------------

